Using pre-set license
Built from '2021.1/release' branch; Version is '2021.1.0f1 (61a549675243) revision 6399305'; Using compiler version '192528614'; Build Type 'Release'
OS: 'Windows 10 Pro; OS build 19042.928; Version 2009; 64bit' Language: 'ru' Physical Memory: 16332 MB
BatchMode: 1, IsHumanControllingUs: 0, StartBugReporterOnCrash: 0, Is64bit: 1, IsPro: 0

 COMMAND LINE ARGUMENTS:
G:\1\2021.1.0f1\Editor\Unity.exe
-adb2
-batchMode
-noUpm
-name
AssetImportWorker0
-projectPath
D:/LearnUnity/TestPlatformer
-logFile
Logs/AssetImportWorker0.log
-srvPort
55659
Successfully changed project path to: D:/LearnUnity/TestPlatformer
D:/LearnUnity/TestPlatformer
Using Asset Import Pipeline V2.
Refreshing native plugins compatible for Editor in 114.73 ms, found 2 plugins.
Preloading 0 native plugins for Editor in 0.00 ms.
Initialize engine version: 2021.1.0f1 (61a549675243)
[Subsystems] Discovering subsystems at path G:/1/2021.1.0f1/Editor/Data/Resources/UnitySubsystems
[Subsystems] Discovering subsystems at path D:/LearnUnity/TestPlatformer/Assets
GfxDevice: creating device client; threaded=0; jobified=0
Direct3D:
    Version:  Direct3D 11.0 [level 11.1]
    Renderer: Radeon RX 570 Series (ID=0x67df)
    Vendor:   ATI
    VRAM:     8171 MB
    Driver:   27.20.12029.1000
Initialize mono
Mono path[0] = 'G:/1/2021.1.0f1/Editor/Data/Managed'
Mono path[1] = 'G:/1/2021.1.0f1/Editor/Data/MonoBleedingEdge/lib/mono/unityjit'
Mono config path = 'G:/1/2021.1.0f1/Editor/Data/MonoBleedingEdge/etc'
Using monoOptions --debugger-agent=transport=dt_socket,embedding=1,server=y,suspend=n,address=127.0.0.1:56112
Begin MonoManager ReloadAssembly
Registering precompiled unity dll's ...
Register platform support module: G:/1/2021.1.0f1/Editor/Data/PlaybackEngines/WindowsStandaloneSupport/UnityEditor.WindowsStandalone.Extensions.dll
Registered in 0.003006 seconds.
Native extension for WindowsStandalone target not found
Refreshing native plugins compatible for Editor in 143.52 ms, found 2 plugins.
Preloading 0 native plugins for Editor in 0.00 ms.
Mono: successfully reloaded assembly
- Completed reload, in  1.707 seconds
Platform modules already initialized, skipping
Registering precompiled user dll's ...
Registered in 0.006345 seconds.
Begin MonoManager ReloadAssembly
Native extension for WindowsStandalone target not found
Refreshing native plugins compatible for Editor in 109.24 ms, found 2 plugins.
Preloading 0 native plugins for Editor in 0.00 ms.
Mono: successfully reloaded assembly
- Completed reload, in  1.350 seconds
Platform modules already initialized, skipping
========================================================================
Worker process is ready to serve import requests
Launched and connected shader compiler UnityShaderCompiler.exe after 0.05 seconds
Refreshing native plugins compatible for Editor in 0.73 ms, found 2 plugins.
Preloading 0 native plugins for Editor in 0.00 ms.
Unloading 3379 Unused Serialized files (Serialized files now loaded: 0)
System memory in use before: 127.9 MB.
System memory in use after: 128.0 MB.

Unloading 32 unused Assets to reduce memory usage. Loaded Objects now: 3834.
Total: 2.654800 ms (FindLiveObjects: 0.394700 ms CreateObjectMapping: 0.118900 ms MarkObjects: 2.018700 ms  DeleteObjects: 0.121200 ms)

========================================================================
Received Import Request.
  path: Assets/Scripts/SpawnCoins.cs
  artifactKey: Guid(685aeb16790fdaa46bbc0af2a7280df3) Importer(815301076,1909f56bfc062723c751e8b465ee728b)
Start importing Assets/Scripts/SpawnCoins.cs using Guid(685aeb16790fdaa46bbc0af2a7280df3) Importer(815301076,1909f56bfc062723c751e8b465ee728b)  -> (artifact id: '6a9a5f49510f0d680961a38801fa471d') in 0.049135 seconds 
========================================================================
Received Import Request.
  Time since last request: 57.706620 seconds.
  path: Assets/Scripts/PlayerMoving.cs
  artifactKey: Guid(700bbd066c859ca4caf99aa275bd4752) Importer(815301076,1909f56bfc062723c751e8b465ee728b)
Start importing Assets/Scripts/PlayerMoving.cs using Guid(700bbd066c859ca4caf99aa275bd4752) Importer(815301076,1909f56bfc062723c751e8b465ee728b)  -> (artifact id: 'f52274a0685c96f5e156e9e5c028953f') in 0.002528 seconds 
========================================================================
Received Prepare
Registering precompiled user dll's ...
Registered in 0.005343 seconds.
Begin MonoManager ReloadAssembly
Native extension for WindowsStandalone target not found
Refreshing native plugins compatible for Editor in 0.70 ms, found 2 plugins.
Preloading 0 native plugins for Editor in 0.00 ms.
Mono: successfully reloaded assembly
- Completed reload, in  1.045 seconds
Platform modules already initialized, skipping
Refreshing native plugins compatible for Editor in 0.68 ms, found 2 plugins.
Preloading 0 native plugins for Editor in 0.00 ms.
Unloading 3374 Unused Serialized files (Serialized files now loaded: 0)
System memory in use before: 128.0 MB.
System memory in use after: 128.1 MB.

Unloading 20 unused Assets to reduce memory usage. Loaded Objects now: 3838.
Total: 2.761800 ms (FindLiveObjects: 0.375700 ms CreateObjectMapping: 0.093800 ms MarkObjects: 2.188800 ms  DeleteObjects: 0.102500 ms)

========================================================================
Received Import Request.
  Time since last request: 1206.841839 seconds.
  path: Assets/Prefab/Enemy.prefab
  artifactKey: Guid(aacf63dc9773af04f89b97b358037ad1) Importer(815301076,1909f56bfc062723c751e8b465ee728b)
Start importing Assets/Prefab/Enemy.prefab using Guid(aacf63dc9773af04f89b97b358037ad1) Importer(815301076,1909f56bfc062723c751e8b465ee728b)  -> (artifact id: 'b237f8331417cbc7d495eabac197bf86') in 0.115633 seconds 
========================================================================
Received Prepare
Registering precompiled user dll's ...
Registered in 0.005362 seconds.
Begin MonoManager ReloadAssembly
Native extension for WindowsStandalone target not found
Refreshing native plugins compatible for Editor in 0.72 ms, found 2 plugins.
Preloading 0 native plugins for Editor in 0.00 ms.
Mono: successfully reloaded assembly
- Completed reload, in  1.057 seconds
Platform modules already initialized, skipping
Refreshing native plugins compatible for Editor in 0.68 ms, found 2 plugins.
Preloading 0 native plugins for Editor in 0.00 ms.
Unloading 3374 Unused Serialized files (Serialized files now loaded: 0)
System memory in use before: 131.6 MB.
System memory in use after: 131.7 MB.

Unloading 20 unused Assets to reduce memory usage. Loaded Objects now: 3849.
Total: 2.527600 ms (FindLiveObjects: 0.325500 ms CreateObjectMapping: 0.088100 ms MarkObjects: 2.019700 ms  DeleteObjects: 0.093200 ms)

========================================================================
Received Prepare
Registering precompiled user dll's ...
Registered in 0.005202 seconds.
Begin MonoManager ReloadAssembly
Native extension for WindowsStandalone target not found
Refreshing native plugins compatible for Editor in 0.71 ms, found 2 plugins.
Preloading 0 native plugins for Editor in 0.00 ms.
Mono: successfully reloaded assembly
- Completed reload, in  1.060 seconds
Platform modules already initialized, skipping
Refreshing native plugins compatible for Editor in 0.70 ms, found 2 plugins.
Preloading 0 native plugins for Editor in 0.00 ms.
Unloading 3374 Unused Serialized files (Serialized files now loaded: 0)
System memory in use before: 131.7 MB.
System memory in use after: 131.8 MB.

Unloading 20 unused Assets to reduce memory usage. Loaded Objects now: 3853.
Total: 2.722000 ms (FindLiveObjects: 0.321800 ms CreateObjectMapping: 0.091800 ms MarkObjects: 2.209300 ms  DeleteObjects: 0.098200 ms)

========================================================================
Received Prepare
Registering precompiled user dll's ...
Registered in 0.005134 seconds.
Begin MonoManager ReloadAssembly
Native extension for WindowsStandalone target not found
Refreshing native plugins compatible for Editor in 0.72 ms, found 2 plugins.
Preloading 0 native plugins for Editor in 0.00 ms.
Mono: successfully reloaded assembly
- Completed reload, in  1.046 seconds
Platform modules already initialized, skipping
Refreshing native plugins compatible for Editor in 0.68 ms, found 2 plugins.
Preloading 0 native plugins for Editor in 0.00 ms.
Unloading 3374 Unused Serialized files (Serialized files now loaded: 0)
System memory in use before: 131.7 MB.
System memory in use after: 131.8 MB.

Unloading 20 unused Assets to reduce memory usage. Loaded Objects now: 3857.
Total: 2.516100 ms (FindLiveObjects: 0.326300 ms CreateObjectMapping: 0.090900 ms MarkObjects: 2.000400 ms  DeleteObjects: 0.097400 ms)

========================================================================
Received Prepare
Registering precompiled user dll's ...
Registered in 0.005744 seconds.
Begin MonoManager ReloadAssembly
Native extension for WindowsStandalone target not found
Refreshing native plugins compatible for Editor in 0.69 ms, found 2 plugins.
Preloading 0 native plugins for Editor in 0.00 ms.
Mono: successfully reloaded assembly
- Completed reload, in  1.046 seconds
Platform modules already initialized, skipping
Refreshing native plugins compatible for Editor in 0.69 ms, found 2 plugins.
Preloading 0 native plugins for Editor in 0.00 ms.
Unloading 3374 Unused Serialized files (Serialized files now loaded: 0)
System memory in use before: 131.7 MB.
System memory in use after: 131.8 MB.

Unloading 20 unused Assets to reduce memory usage. Loaded Objects now: 3861.
Total: 2.570400 ms (FindLiveObjects: 0.344000 ms CreateObjectMapping: 0.093500 ms MarkObjects: 2.029700 ms  DeleteObjects: 0.102400 ms)

========================================================================
Received Prepare
Registering precompiled user dll's ...
Registered in 0.005218 seconds.
Begin MonoManager ReloadAssembly
Native extension for WindowsStandalone target not found
Refreshing native plugins compatible for Editor in 0.72 ms, found 2 plugins.
Preloading 0 native plugins for Editor in 0.00 ms.
Mono: successfully reloaded assembly
- Completed reload, in  1.041 seconds
Platform modules already initialized, skipping
Refreshing native plugins compatible for Editor in 0.75 ms, found 2 plugins.
Preloading 0 native plugins for Editor in 0.00 ms.
Unloading 3374 Unused Serialized files (Serialized files now loaded: 0)
System memory in use before: 131.7 MB.
System memory in use after: 131.8 MB.

Unloading 20 unused Assets to reduce memory usage. Loaded Objects now: 3865.
Total: 2.684900 ms (FindLiveObjects: 0.290000 ms CreateObjectMapping: 0.092300 ms MarkObjects: 2.197300 ms  DeleteObjects: 0.104400 ms)

========================================================================
Received Prepare
Registering precompiled user dll's ...
Registered in 0.005252 seconds.
Begin MonoManager ReloadAssembly
Native extension for WindowsStandalone target not found
Refreshing native plugins compatible for Editor in 0.71 ms, found 2 plugins.
Preloading 0 native plugins for Editor in 0.00 ms.
Mono: successfully reloaded assembly
- Completed reload, in  1.048 seconds
Platform modules already initialized, skipping
Refreshing native plugins compatible for Editor in 0.68 ms, found 2 plugins.
Preloading 0 native plugins for Editor in 0.00 ms.
Unloading 3374 Unused Serialized files (Serialized files now loaded: 0)
System memory in use before: 131.7 MB.
System memory in use after: 131.8 MB.

Unloading 20 unused Assets to reduce memory usage. Loaded Objects now: 3869.
Total: 3.412600 ms (FindLiveObjects: 0.637500 ms CreateObjectMapping: 0.151700 ms MarkObjects: 2.517700 ms  DeleteObjects: 0.104700 ms)

========================================================================
Received Import Request.
  Time since last request: 438.221782 seconds.
  path: Assets/Prefab/Coin.prefab
  artifactKey: Guid(80a160b00455f8c44b4a75377bb988da) Importer(815301076,1909f56bfc062723c751e8b465ee728b)
Start importing Assets/Prefab/Coin.prefab using Guid(80a160b00455f8c44b4a75377bb988da) Importer(815301076,1909f56bfc062723c751e8b465ee728b)  -> (artifact id: '34f8badd8436746dc1859f6d300fee63') in 0.057902 seconds 
========================================================================
Received Import Request.
  Time since last request: 5.333047 seconds.
  path: Assets/Prefab/Coin.prefab
  artifactKey: Guid(80a160b00455f8c44b4a75377bb988da) Importer(815301076,1909f56bfc062723c751e8b465ee728b)
Start importing Assets/Prefab/Coin.prefab using Guid(80a160b00455f8c44b4a75377bb988da) Importer(815301076,1909f56bfc062723c751e8b465ee728b)  -> (artifact id: '9140a5241a63660ceff908c2a39b848e') in 0.021084 seconds 
========================================================================
Received Import Request.
  Time since last request: 2.226326 seconds.
  path: Assets/Prefab/Coin.prefab
  artifactKey: Guid(80a160b00455f8c44b4a75377bb988da) Importer(815301076,1909f56bfc062723c751e8b465ee728b)
Start importing Assets/Prefab/Coin.prefab using Guid(80a160b00455f8c44b4a75377bb988da) Importer(815301076,1909f56bfc062723c751e8b465ee728b)  -> (artifact id: '77a43bfcaa6c901244ba74e8993e352c') in 0.020552 seconds 
========================================================================
Received Prepare
Registering precompiled user dll's ...
Registered in 0.005360 seconds.
Begin MonoManager ReloadAssembly
Native extension for WindowsStandalone target not found
Refreshing native plugins compatible for Editor in 0.70 ms, found 2 plugins.
Preloading 0 native plugins for Editor in 0.00 ms.
Mono: successfully reloaded assembly
- Completed reload, in  1.029 seconds
Platform modules already initialized, skipping
Refreshing native plugins compatible for Editor in 0.69 ms, found 2 plugins.
Preloading 0 native plugins for Editor in 0.00 ms.
Unloading 3374 Unused Serialized files (Serialized files now loaded: 0)
System memory in use before: 131.7 MB.
System memory in use after: 131.9 MB.

Unloading 20 unused Assets to reduce memory usage. Loaded Objects now: 3874.
Total: 2.581500 ms (FindLiveObjects: 0.370300 ms CreateObjectMapping: 0.097100 ms MarkObjects: 2.011500 ms  DeleteObjects: 0.101800 ms)

========================================================================
Received Import Request.
  Time since last request: 30.593337 seconds.
  path: Assets/Prefab/Coin.prefab
  artifactKey: Guid(80a160b00455f8c44b4a75377bb988da) Importer(815301076,1909f56bfc062723c751e8b465ee728b)
Start importing Assets/Prefab/Coin.prefab using Guid(80a160b00455f8c44b4a75377bb988da) Importer(815301076,1909f56bfc062723c751e8b465ee728b)  -> (artifact id: '92637502a0d65bc21472b0b096119d8f') in 0.066709 seconds 
========================================================================
Received Import Request.
  Time since last request: 1.725458 seconds.
  path: Assets/Prefab/Coin.prefab
  artifactKey: Guid(80a160b00455f8c44b4a75377bb988da) Importer(815301076,1909f56bfc062723c751e8b465ee728b)
Start importing Assets/Prefab/Coin.prefab using Guid(80a160b00455f8c44b4a75377bb988da) Importer(815301076,1909f56bfc062723c751e8b465ee728b)  -> (artifact id: '93e1ee5a2f4cc6fccf9c0494fe8ab6ac') in 0.018619 seconds 
========================================================================
Received Import Request.
  Time since last request: 22.094548 seconds.
  path: Assets/Prefab/Coin.prefab
  artifactKey: Guid(80a160b00455f8c44b4a75377bb988da) Importer(815301076,1909f56bfc062723c751e8b465ee728b)
Start importing Assets/Prefab/Coin.prefab using Guid(80a160b00455f8c44b4a75377bb988da) Importer(815301076,1909f56bfc062723c751e8b465ee728b)  -> (artifact id: '4f241cf00cced6e7e45c33b11b5b7228') in 0.014092 seconds 
========================================================================
Received Import Request.
  Time since last request: 1.370141 seconds.
  path: Assets/Prefab/Coin.prefab
  artifactKey: Guid(80a160b00455f8c44b4a75377bb988da) Importer(815301076,1909f56bfc062723c751e8b465ee728b)
Start importing Assets/Prefab/Coin.prefab using Guid(80a160b00455f8c44b4a75377bb988da) Importer(815301076,1909f56bfc062723c751e8b465ee728b)  -> (artifact id: 'ebed41d81426a110bf744a8161f3dd68') in 0.015092 seconds 
========================================================================
Received Import Request.
  Time since last request: 1.408462 seconds.
  path: Assets/Prefab/Coin.prefab
  artifactKey: Guid(80a160b00455f8c44b4a75377bb988da) Importer(815301076,1909f56bfc062723c751e8b465ee728b)
Start importing Assets/Prefab/Coin.prefab using Guid(80a160b00455f8c44b4a75377bb988da) Importer(815301076,1909f56bfc062723c751e8b465ee728b)  -> (artifact id: 'dbbadec568821ad9220bbbff5e1ed225') in 0.031252 seconds 
========================================================================
Received Prepare
Registering precompiled user dll's ...
Registered in 0.005077 seconds.
Begin MonoManager ReloadAssembly
Native extension for WindowsStandalone target not found
Refreshing native plugins compatible for Editor in 0.69 ms, found 2 plugins.
Preloading 0 native plugins for Editor in 0.00 ms.
Mono: successfully reloaded assembly
- Completed reload, in  1.030 seconds
Platform modules already initialized, skipping
Refreshing native plugins compatible for Editor in 0.72 ms, found 2 plugins.
Preloading 0 native plugins for Editor in 0.00 ms.
Unloading 3374 Unused Serialized files (Serialized files now loaded: 0)
System memory in use before: 131.8 MB.
System memory in use after: 131.9 MB.

Unloading 20 unused Assets to reduce memory usage. Loaded Objects now: 3879.
Total: 2.577100 ms (FindLiveObjects: 0.325600 ms CreateObjectMapping: 0.089400 ms MarkObjects: 2.059700 ms  DeleteObjects: 0.101300 ms)

========================================================================
Received Prepare
Registering precompiled user dll's ...
Registered in 0.005271 seconds.
Begin MonoManager ReloadAssembly
Native extension for WindowsStandalone target not found
Refreshing native plugins compatible for Editor in 0.75 ms, found 2 plugins.
Preloading 0 native plugins for Editor in 0.00 ms.
Mono: successfully reloaded assembly
- Completed reload, in  1.017 seconds
Platform modules already initialized, skipping
Refreshing native plugins compatible for Editor in 0.68 ms, found 2 plugins.
Preloading 0 native plugins for Editor in 0.00 ms.
Unloading 3374 Unused Serialized files (Serialized files now loaded: 0)
System memory in use before: 131.8 MB.
System memory in use after: 131.9 MB.

Unloading 20 unused Assets to reduce memory usage. Loaded Objects now: 3883.
Total: 2.560200 ms (FindLiveObjects: 0.322200 ms CreateObjectMapping: 0.104200 ms MarkObjects: 2.032600 ms  DeleteObjects: 0.100500 ms)

========================================================================
Received Import Request.
  Time since last request: 165.430344 seconds.
  path: Assets/Scripts/Coin.cs
  artifactKey: Guid(1d6edf7b980a6e44abf0f02e7743ee58) Importer(815301076,1909f56bfc062723c751e8b465ee728b)
Start importing Assets/Scripts/Coin.cs using Guid(1d6edf7b980a6e44abf0f02e7743ee58) Importer(815301076,1909f56bfc062723c751e8b465ee728b)  -> (artifact id: 'dab336224d2f41daa78264d8250f9d2a') in 0.006617 seconds 
========================================================================
Received Prepare
Registering precompiled user dll's ...
Registered in 0.005150 seconds.
Begin MonoManager ReloadAssembly
Native extension for WindowsStandalone target not found
Refreshing native plugins compatible for Editor in 0.71 ms, found 2 plugins.
Preloading 0 native plugins for Editor in 0.00 ms.
Mono: successfully reloaded assembly
- Completed reload, in  1.043 seconds
Platform modules already initialized, skipping
Refreshing native plugins compatible for Editor in 0.94 ms, found 2 plugins.
Preloading 0 native plugins for Editor in 0.00 ms.
Unloading 3375 Unused Serialized files (Serialized files now loaded: 0)
System memory in use before: 131.8 MB.
System memory in use after: 131.9 MB.

Unloading 20 unused Assets to reduce memory usage. Loaded Objects now: 3888.
Total: 2.718400 ms (FindLiveObjects: 0.291100 ms CreateObjectMapping: 0.084500 ms MarkObjects: 2.234500 ms  DeleteObjects: 0.107000 ms)

========================================================================
Received Import Request.
  Time since last request: 14.106154 seconds.
  path: Assets/Prefab/Coin.prefab
  artifactKey: Guid(80a160b00455f8c44b4a75377bb988da) Importer(815301076,1909f56bfc062723c751e8b465ee728b)
Start importing Assets/Prefab/Coin.prefab using Guid(80a160b00455f8c44b4a75377bb988da) Importer(815301076,1909f56bfc062723c751e8b465ee728b)  -> (artifact id: '77b50cb381cfb4dcf759f3407669d59e') in 0.068011 seconds 
========================================================================
Received Prepare
Registering precompiled user dll's ...
Registered in 0.005156 seconds.
Begin MonoManager ReloadAssembly
Native extension for WindowsStandalone target not found
Refreshing native plugins compatible for Editor in 0.72 ms, found 2 plugins.
Preloading 0 native plugins for Editor in 0.00 ms.
Mono: successfully reloaded assembly
- Completed reload, in  1.045 seconds
Platform modules already initialized, skipping
Refreshing native plugins compatible for Editor in 0.71 ms, found 2 plugins.
Preloading 0 native plugins for Editor in 0.00 ms.
Unloading 3375 Unused Serialized files (Serialized files now loaded: 0)
System memory in use before: 131.8 MB.
System memory in use after: 131.9 MB.

Unloading 20 unused Assets to reduce memory usage. Loaded Objects now: 3893.
Total: 2.522400 ms (FindLiveObjects: 0.313700 ms CreateObjectMapping: 0.087200 ms MarkObjects: 2.017600 ms  DeleteObjects: 0.102900 ms)

========================================================================
Received Import Request.
  Time since last request: 107.385744 seconds.
  path: Assets/Scripts/Coin.cs
  artifactKey: Guid(1d6edf7b980a6e44abf0f02e7743ee58) Importer(815301076,1909f56bfc062723c751e8b465ee728b)
Start importing Assets/Scripts/Coin.cs using Guid(1d6edf7b980a6e44abf0f02e7743ee58) Importer(815301076,1909f56bfc062723c751e8b465ee728b)  -> (artifact id: '3d98738d181d092fd266cd30e41b2e3f') in 0.006575 seconds 
========================================================================
Received Prepare
Registering precompiled user dll's ...
Registered in 0.005225 seconds.
Begin MonoManager ReloadAssembly
Native extension for WindowsStandalone target not found
Refreshing native plugins compatible for Editor in 0.70 ms, found 2 plugins.
Preloading 0 native plugins for Editor in 0.00 ms.
Mono: successfully reloaded assembly
- Completed reload, in  1.027 seconds
Platform modules already initialized, skipping
Refreshing native plugins compatible for Editor in 0.70 ms, found 2 plugins.
Preloading 0 native plugins for Editor in 0.00 ms.
Unloading 3375 Unused Serialized files (Serialized files now loaded: 0)
System memory in use before: 131.8 MB.
System memory in use after: 131.9 MB.

Unloading 20 unused Assets to reduce memory usage. Loaded Objects now: 3897.
Total: 2.786200 ms (FindLiveObjects: 0.290000 ms CreateObjectMapping: 0.091900 ms MarkObjects: 2.299900 ms  DeleteObjects: 0.103300 ms)

========================================================================
Received Prepare
Registering precompiled user dll's ...
Registered in 0.005955 seconds.
Begin MonoManager ReloadAssembly
Native extension for WindowsStandalone target not found
Refreshing native plugins compatible for Editor in 0.73 ms, found 2 plugins.
Preloading 0 native plugins for Editor in 0.00 ms.
Mono: successfully reloaded assembly
- Completed reload, in  1.041 seconds
Platform modules already initialized, skipping
Refreshing native plugins compatible for Editor in 0.69 ms, found 2 plugins.
Preloading 0 native plugins for Editor in 0.00 ms.
Unloading 3375 Unused Serialized files (Serialized files now loaded: 0)
System memory in use before: 131.8 MB.
System memory in use after: 131.9 MB.

Unloading 20 unused Assets to reduce memory usage. Loaded Objects now: 3901.
Total: 2.622400 ms (FindLiveObjects: 0.363800 ms CreateObjectMapping: 0.123000 ms MarkObjects: 2.032500 ms  DeleteObjects: 0.101700 ms)

========================================================================
Received Prepare
Registering precompiled user dll's ...
Registered in 0.005222 seconds.
Begin MonoManager ReloadAssembly
Native extension for WindowsStandalone target not found
Refreshing native plugins compatible for Editor in 0.69 ms, found 2 plugins.
Preloading 0 native plugins for Editor in 0.00 ms.
Mono: successfully reloaded assembly
- Completed reload, in  1.036 seconds
Platform modules already initialized, skipping
Refreshing native plugins compatible for Editor in 0.68 ms, found 2 plugins.
Preloading 0 native plugins for Editor in 0.00 ms.
Unloading 3375 Unused Serialized files (Serialized files now loaded: 0)
System memory in use before: 131.8 MB.
System memory in use after: 131.9 MB.

Unloading 20 unused Assets to reduce memory usage. Loaded Objects now: 3905.
Total: 2.475200 ms (FindLiveObjects: 0.333100 ms CreateObjectMapping: 0.083500 ms MarkObjects: 1.958100 ms  DeleteObjects: 0.099500 ms)

========================================================================
Received Prepare
Registering precompiled user dll's ...
Registered in 0.005261 seconds.
Begin MonoManager ReloadAssembly
Native extension for WindowsStandalone target not found
Refreshing native plugins compatible for Editor in 0.71 ms, found 2 plugins.
Preloading 0 native plugins for Editor in 0.00 ms.
Mono: successfully reloaded assembly
- Completed reload, in  1.031 seconds
Platform modules already initialized, skipping
Refreshing native plugins compatible for Editor in 0.68 ms, found 2 plugins.
Preloading 0 native plugins for Editor in 0.00 ms.
Unloading 3375 Unused Serialized files (Serialized files now loaded: 0)
System memory in use before: 131.8 MB.
System memory in use after: 132.0 MB.

Unloading 20 unused Assets to reduce memory usage. Loaded Objects now: 3909.
Total: 3.033900 ms (FindLiveObjects: 0.345300 ms CreateObjectMapping: 0.092000 ms MarkObjects: 2.488300 ms  DeleteObjects: 0.107500 ms)

========================================================================
Received Prepare
Registering precompiled user dll's ...
Registered in 0.005146 seconds.
Begin MonoManager ReloadAssembly
Native extension for WindowsStandalone target not found
Refreshing native plugins compatible for Editor in 0.69 ms, found 2 plugins.
Preloading 0 native plugins for Editor in 0.00 ms.
Mono: successfully reloaded assembly
- Completed reload, in  1.037 seconds
Platform modules already initialized, skipping
Refreshing native plugins compatible for Editor in 0.72 ms, found 2 plugins.
Preloading 0 native plugins for Editor in 0.00 ms.
Unloading 3375 Unused Serialized files (Serialized files now loaded: 0)
System memory in use before: 131.9 MB.
System memory in use after: 132.0 MB.

Unloading 20 unused Assets to reduce memory usage. Loaded Objects now: 3913.
Total: 3.243600 ms (FindLiveObjects: 0.478900 ms CreateObjectMapping: 0.095700 ms MarkObjects: 2.545800 ms  DeleteObjects: 0.121500 ms)

AssetImportWorkerClient::OnTransportError - code=2 error=End of file
